{"name": "test_login", "status": "broken", "statusDetails": {"message": "selenium.common.exceptions.TimeoutException: Message: \nStacktrace:\nBacktrace:\n\t(No symbol) [0x0077F243]\n\t(No symbol) [0x00707FD1]\n\t(No symbol) [0x005FD04D]\n\t(No symbol) [0x0062C0B0]\n\t(No symbol) [0x0062C22B]\n\t(No symbol) [0x0065E612]\n\t(No symbol) [0x006485D4]\n\t(No symbol) [0x0065C9EB]\n\t(No symbol) [0x00648386]\n\t(No symbol) [0x0062163C]\n\t(No symbol) [0x0062269D]\n\tGetHandleVerifier [0x00A19A22+2655074]\n\tGetHandleVerifier [0x00A0CA24+2601828]\n\tGetHandleVerifier [0x00828C0A+619850]\n\tGetHandleVerifier [0x00827830+614768]\n\t(No symbol) [0x007105FC]\n\t(No symbol) [0x00715968]\n\t(No symbol) [0x00715A55]\n\t(No symbol) [0x0072051B]\n\tBaseThreadInitThunk [0x760500F9+25]\n\tRtlGetAppContainerNamedObjectPath [0x77E47BBE+286]\n\tRtlGetAppContainerNamedObjectPath [0x77E47B8E+238]", "trace": "set_group = None\n\n    def test_login(set_group):\n    \n        options = webdriver.ChromeOptions()\n        options.add_argument('log-level=3')  # отключение предупреждения ошибки рукопожатия\n    \n        s = Service('D:\\\\Selenium_Learn\\\\test_citilink\\\\chromedriver.exe')\n        driver = webdriver.Chrome(service=s, options=options)\n    \n        login = Login_page(driver)\n>       login.authorisation()\n\ntests\\test_login.py:20: \n_ _ _ _ _ _ _ _ _ _ _ _ _ _ _ _ _ _ _ _ _ _ _ _ _ _ _ _ _ _ _ _ _ _ _ _ _ _ _ _ _ _ _ _ _ _ _ _ _ _ _ _ _ _ _ _ _ _ _ _ _ _ _ _ _ _ _ _ _ _ _ _ _ _ _ _ _ _ _ _ _ _ _ _ _ _ _ _ _ _ _ _ _ _ _ _ _ _ _ _ _ _ \npages\\login_page.py:73: in authorisation\n    self.click_login_button()\npages\\login_page.py:45: in click_login_button\n    self.get_login_button().click()\npages\\login_page.py:30: in get_login_button\n    return WebDriverWait(self.driver, 10).until(EC.element_to_be_clickable((By.XPATH, self.login_button)))\n_ _ _ _ _ _ _ _ _ _ _ _ _ _ _ _ _ _ _ _ _ _ _ _ _ _ _ _ _ _ _ _ _ _ _ _ _ _ _ _ _ _ _ _ _ _ _ _ _ _ _ _ _ _ _ _ _ _ _ _ _ _ _ _ _ _ _ _ _ _ _ _ _ _ _ _ _ _ _ _ _ _ _ _ _ _ _ _ _ _ _ _ _ _ _ _ _ _ _ _ _ _ \n\nself = <selenium.webdriver.support.wait.WebDriverWait (session=\"1216a9b03e86d72597d394d3d7c503d8\")>, method = <function element_to_be_clickable.<locals>._predicate at 0x000001A624CF8E50>, message = ''\n\n    def until(self, method, message: str = \"\"):\n        \"\"\"Calls the method provided with the driver as an argument until the \\\n        return value does not evaluate to ``False``.\n    \n        :param method: callable(WebDriver)\n        :param message: optional message for :exc:`TimeoutException`\n        :returns: the result of the last call to `method`\n        :raises: :exc:`selenium.common.exceptions.TimeoutException` if timeout occurs\n        \"\"\"\n        screen = None\n        stacktrace = None\n    \n        end_time = time.monotonic() + self._timeout\n        while True:\n            try:\n                value = method(self._driver)\n                if value:\n                    return value\n            except self._ignored_exceptions as exc:\n                screen = getattr(exc, \"screen\", None)\n                stacktrace = getattr(exc, \"stacktrace\", None)\n            time.sleep(self._poll)\n            if time.monotonic() > end_time:\n                break\n>       raise TimeoutException(message, screen, stacktrace)\nE       selenium.common.exceptions.TimeoutException: Message: \nE       Stacktrace:\nE       Backtrace:\nE       \t(No symbol) [0x0077F243]\nE       \t(No symbol) [0x00707FD1]\nE       \t(No symbol) [0x005FD04D]\nE       \t(No symbol) [0x0062C0B0]\nE       \t(No symbol) [0x0062C22B]\nE       \t(No symbol) [0x0065E612]\nE       \t(No symbol) [0x006485D4]\nE       \t(No symbol) [0x0065C9EB]\nE       \t(No symbol) [0x00648386]\nE       \t(No symbol) [0x0062163C]\nE       \t(No symbol) [0x0062269D]\nE       \tGetHandleVerifier [0x00A19A22+2655074]\nE       \tGetHandleVerifier [0x00A0CA24+2601828]\nE       \tGetHandleVerifier [0x00828C0A+619850]\nE       \tGetHandleVerifier [0x00827830+614768]\nE       \t(No symbol) [0x007105FC]\nE       \t(No symbol) [0x00715968]\nE       \t(No symbol) [0x00715A55]\nE       \t(No symbol) [0x0072051B]\nE       \tBaseThreadInitThunk [0x760500F9+25]\nE       \tRtlGetAppContainerNamedObjectPath [0x77E47BBE+286]\nE       \tRtlGetAppContainerNamedObjectPath [0x77E47B8E+238]\n\nvenv\\lib\\site-packages\\selenium\\webdriver\\support\\wait.py:95: TimeoutException"}, "steps": [{"name": "Authorisation", "status": "broken", "statusDetails": {"message": "selenium.common.exceptions.TimeoutException: Message: \nStacktrace:\nBacktrace:\n\t(No symbol) [0x0077F243]\n\t(No symbol) [0x00707FD1]\n\t(No symbol) [0x005FD04D]\n\t(No symbol) [0x0062C0B0]\n\t(No symbol) [0x0062C22B]\n\t(No symbol) [0x0065E612]\n\t(No symbol) [0x006485D4]\n\t(No symbol) [0x0065C9EB]\n\t(No symbol) [0x00648386]\n\t(No symbol) [0x0062163C]\n\t(No symbol) [0x0062269D]\n\tGetHandleVerifier [0x00A19A22+2655074]\n\tGetHandleVerifier [0x00A0CA24+2601828]\n\tGetHandleVerifier [0x00828C0A+619850]\n\tGetHandleVerifier [0x00827830+614768]\n\t(No symbol) [0x007105FC]\n\t(No symbol) [0x00715968]\n\t(No symbol) [0x00715A55]\n\t(No symbol) [0x0072051B]\n\tBaseThreadInitThunk [0x760500F9+25]\n\tRtlGetAppContainerNamedObjectPath [0x77E47BBE+286]\n\tRtlGetAppContainerNamedObjectPath [0x77E47B8E+238]\n\n", "trace": "  File \"D:\\Selenium_Learn\\test_citilink\\pages\\login_page.py\", line 73, in authorisation\n    self.click_login_button()\n  File \"D:\\Selenium_Learn\\test_citilink\\pages\\login_page.py\", line 45, in click_login_button\n    self.get_login_button().click()\n  File \"D:\\Selenium_Learn\\test_citilink\\pages\\login_page.py\", line 30, in get_login_button\n    return WebDriverWait(self.driver, 10).until(EC.element_to_be_clickable((By.XPATH, self.login_button)))\n  File \"D:\\Selenium_Learn\\test_citilink\\venv\\lib\\site-packages\\selenium\\webdriver\\support\\wait.py\", line 95, in until\n    raise TimeoutException(message, screen, stacktrace)\n"}, "start": 1673841526944, "stop": 1673841541784}], "attachments": [{"name": "stdout", "source": "eb91f694-a2e5-4305-bb54-e541ab860a5c-attachment.txt", "type": "text/plain"}], "start": 1673841525743, "stop": 1673841541785, "uuid": "09b2744c-bde0-4717-8398-e5384d71fc11", "historyId": "144503cdd62308bf9f77a1ff306826fa", "testCaseId": "a707b9555172d26c5c1ec2d556e674f3", "fullName": "tests.test_login#test_login", "labels": [{"name": "parentSuite", "value": "tests"}, {"name": "suite", "value": "test_login"}, {"name": "host", "value": "DESKTOP-7U61FLN"}, {"name": "thread", "value": "3548-MainThread"}, {"name": "framework", "value": "pytest"}, {"name": "language", "value": "cpython3"}, {"name": "package", "value": "tests.test_login"}]}